\BOOKMARK [0][-]{chapter.1}{\376\377\000A\000b\000s\000t\000r\000a\000c\000t\000i\000o\000n}{}% 1
\BOOKMARK [0][-]{chapter.2}{\376\377\000I\000n\000t\000r\000o\000d\000u\000c\000t\000i\000o\000n}{}% 2
\BOOKMARK [0][-]{chapter.3}{\376\377\000G\000P\000S\000\137\000d\000a\000t\000a\000l\000o\000a\000d}{}% 3
\BOOKMARK [1][-]{section.3.1}{\376\377\263\160\307\164\321\060\000\040\302\030\311\321}{chapter.3}% 4
\BOOKMARK [2][-]{subsection.3.1.1}{\376\377\000G\000o\000o\000g\000l\000e\000\137\000t\000a\000k\000e\000o\000u\000t}{section.3.1}% 5
\BOOKMARK [2][-]{subsection.3.1.2}{\376\377\000G\000o\000o\000g\000l\000e\000\137\000t\000a\000k\000e\000o\000u\000t}{section.3.1}% 6
\BOOKMARK [2][-]{subsection.3.1.3}{\376\377\000G\000o\000o\000g\000l\000e\000\137\000t\000a\000k\000e\000o\000u\000t}{section.3.1}% 7
\BOOKMARK [2][-]{subsection.3.1.4}{\376\377\000G\000o\000o\000g\000l\000e\000\137\000t\000a\000k\000e\000o\000u\000t}{section.3.1}% 8
\BOOKMARK [2][-]{subsection.3.1.5}{\376\377\000G\000o\000o\000g\000l\000e\000\137\000t\000a\000k\000e\000o\000u\000t}{section.3.1}% 9
\BOOKMARK [2][-]{subsection.3.1.6}{\376\377\000G\000o\000o\000g\000l\000e\000\137\000t\000a\000k\000e\000o\000u\000t}{section.3.1}% 10
\BOOKMARK [2][-]{subsection.3.1.7}{\376\377\000G\000o\000o\000g\000l\000e\000\137\000t\000a\000k\000e\000o\000u\000t}{section.3.1}% 11
\BOOKMARK [2][-]{subsection.3.1.8}{\376\377\000G\000o\000o\000g\000l\000e\000\137\000t\000a\000k\000e\000o\000u\000t}{section.3.1}% 12
\BOOKMARK [1][-]{section.3.2}{\376\377\300\254\306\251\274\225}{chapter.3}% 13
\BOOKMARK [1][-]{section.3.3}{\376\377\317\124\264\334\301\044\272\205}{chapter.3}% 14
\BOOKMARK [0][-]{chapter.4}{\376\377\000L\000a\000b\000e\000l\000\137\000d\000a\000t\000a\000l\000o\000a\000d}{}% 15
\BOOKMARK [1][-]{section.4.1}{\376\377\263\160\307\164\321\060\000\040\302\030\311\321}{chapter.4}% 16
\BOOKMARK [1][-]{section.4.2}{\376\377\300\254\306\251\274\225}{chapter.4}% 17
\BOOKMARK [1][-]{section.4.3}{\376\377\317\124\264\334\000\040\301\044\272\205}{chapter.4}% 18
\BOOKMARK [0][-]{chapter.5}{\376\377\000G\000P\000S\000\137\000p\000r\000e\000p\000r\000o\000c\000e\000s\000s}{}% 19
\BOOKMARK [1][-]{section.5.1}{\376\377\263\160\307\164\321\060\000\040\302\030\311\321}{chapter.5}% 20
\BOOKMARK [1][-]{section.5.2}{\376\377\300\254\306\251\274\225}{chapter.5}% 21
\BOOKMARK [1][-]{section.5.3}{\376\377\000G\000P\000S\000\137\000c\000l\000e\000a\000n\000.\000p\000y}{chapter.5}% 22
\BOOKMARK [2][-]{subsection.5.3.1}{\376\377\307\164\270\140\000\040\301\044\272\205}{section.5.3}% 23
\BOOKMARK [2][-]{subsection.5.3.2}{\376\377\317\124\264\334\000\040\301\044\272\205}{section.5.3}% 24
\BOOKMARK [1][-]{section.5.4}{\376\377\000G\000P\000S\000\137\000s\000m\000o\000o\000t\000h\000.\000p\000y}{chapter.5}% 25
\BOOKMARK [2][-]{subsection.5.4.1}{\376\377\307\164\270\140\000\040\301\044\272\205}{section.5.4}% 26
\BOOKMARK [2][-]{subsection.5.4.2}{\376\377\317\124\264\334\000\040\301\044\272\205}{section.5.4}% 27
\BOOKMARK [0][-]{chapter.6}{\376\377\000G\000P\000S\000\137\000c\000l\000u\000s\000t\000e\000r\000i\000n\000g}{}% 28
\BOOKMARK [1][-]{section.6.1}{\376\377\263\160\307\164\321\060\000\040\302\030\311\321}{chapter.6}% 29
\BOOKMARK [1][-]{section.6.2}{\376\377\272\250\264\310\000:\000\040\000G\000P\000S\000\137\000c\000l\000u\000s\000t\000e\000r\000i\000n\000g\000.\000p\000y}{chapter.6}% 30
\BOOKMARK [2][-]{subsection.6.2.1}{\376\377\320\164\267\230\302\244\000:\000\040\000C\000l\000u\000s\000t\000e\000r\000G\000e\000n\000e\000r\000a\000t\000o\000r}{section.6.2}% 31
\BOOKMARK [2][-]{subsection.6.2.2}{\376\377\320\164\267\230\302\244\000:\000\040\000C\000l\000a\000s\000s\000i\000f\000i\000e\000r}{section.6.2}% 32
\BOOKMARK [1][-]{section.6.3}{\376\377\000s\000e\000l\000f\000.\000k\000\137\000m\000e\000a\000n}{chapter.6}% 33
\BOOKMARK [2][-]{subsection.6.3.1}{\376\377\307\164\270\140\000\040\301\044\272\205}{section.6.3}% 34
\BOOKMARK [2][-]{subsection.6.3.2}{\376\377\306\010\302\334\000:\000\040\000K\000\137\000m\000e\000a\000n\000.\000p\000y}{section.6.3}% 35
\BOOKMARK [2][-]{subsection.6.3.3}{\376\377\317\124\264\334\000\040\301\044\272\205}{section.6.3}% 36
\BOOKMARK [1][-]{section.6.4}{\376\377\000s\000e\000l\000f\000.\000D\000B\000S\000C\000A\000N}{chapter.6}% 37
\BOOKMARK [2][-]{subsection.6.4.1}{\376\377\307\164\270\140\000\040\301\044\272\205}{section.6.4}% 38
\BOOKMARK [2][-]{subsection.6.4.2}{\376\377\306\010\302\334\000:\000\040\000D\000B\000S\000C\000A\000N\000.\000p\000y}{section.6.4}% 39
\BOOKMARK [2][-]{subsection.6.4.3}{\376\377\317\124\264\334\000\040\301\044\272\205}{section.6.4}% 40
\BOOKMARK [1][-]{section.6.5}{\376\377\000s\000e\000l\000f\000.\000a\000d\000a\000p\000t\000i\000v\000e\000\137\000k\000\137\000m\000e\000a\000n}{chapter.6}% 41
\BOOKMARK [2][-]{subsection.6.5.1}{\376\377\307\164\270\140\000\040\301\044\272\205}{section.6.5}% 42
\BOOKMARK [2][-]{subsection.6.5.2}{\376\377\306\010\302\334\000:\000\040\000A\000d\000a\000p\000t\000i\000v\000e\000\137\000k\000\137\000m\000e\000a\000n\000.\000p\000y}{section.6.5}% 43
\BOOKMARK [2][-]{subsection.6.5.3}{\376\377\317\124\264\334\000\040\301\044\272\205}{section.6.5}% 44
\BOOKMARK [1][-]{section.6.6}{\376\377\000s\000e\000l\000f\000.\000n\000e\000i\000g\000h\000b\000o\000r}{chapter.6}% 45
\BOOKMARK [2][-]{subsection.6.6.1}{\376\377\307\164\270\140\000\040\301\044\272\205}{section.6.6}% 46
\BOOKMARK [2][-]{subsection.6.6.2}{\376\377\306\010\302\334\000:\000\040\000N\000e\000i\000g\000h\000b\000o\000r\000.\000p\000y}{section.6.6}% 47
\BOOKMARK [2][-]{subsection.6.6.3}{\376\377\317\124\264\334\000\040\301\044\272\205}{section.6.6}% 48
\BOOKMARK [0][-]{chapter.7}{\376\377\000G\000P\000S\000\137\000f\000e\000a\000t\000u\000r\000e}{}% 49
\BOOKMARK [1][-]{section.7.1}{\376\377\263\160\307\164\321\060\000\040\302\030\311\321}{chapter.7}% 50
\BOOKMARK [1][-]{section.7.2}{\376\377\272\250\264\310\000:\000\040\000G\000P\000S\000\137\000f\000e\000a\000t\000u\000r\000e\000.\000p\000y}{chapter.7}% 51
\BOOKMARK [2][-]{subsection.7.2.1}{\376\377\320\164\267\230\302\244\000:\000\040\000F\000e\000a\000t\000u\000r\000e\000M\000a\000k\000e\000r}{section.7.2}% 52
\BOOKMARK [1][-]{section.7.3}{\376\377\300\254\306\251\274\225\000:\000\040\000G\000P\000S\000\137\000f\000e\000a\000t\000u\000r\000e\000\137\000t\000e\000s\000t\000.\000p\000y}{chapter.7}% 53
\BOOKMARK [1][-]{section.7.4}{\376\377\000s\000e\000l\000f\000.\000l\000o\000c\000a\000t\000i\000o\000n\000\137\000v\000a\000r\000i\000a\000n\000c\000e}{chapter.7}% 54
\BOOKMARK [2][-]{subsection.7.4.1}{\376\377\307\164\270\140\000\040\301\044\272\205}{section.7.4}% 55
\BOOKMARK [2][-]{subsection.7.4.2}{\376\377\306\010\302\334\000:\000\040\000G\000P\000S\000\137\000f\000e\000a\000t\000u\000r\000e\000\137\000t\000e\000s\000t\000.\000p\000y}{section.7.4}% 56
\BOOKMARK [2][-]{subsection.7.4.3}{\376\377\317\124\264\334\000\040\301\044\272\205}{section.7.4}% 57
\BOOKMARK [1][-]{section.7.5}{\376\377\000s\000e\000l\000f\000.\000t\000o\000t\000a\000l\000\137\000d\000i\000s\000t\000a\000n\000c\000e}{chapter.7}% 58
\BOOKMARK [2][-]{subsection.7.5.1}{\376\377\307\164\270\140\000\040\301\044\272\205}{section.7.5}% 59
\BOOKMARK [2][-]{subsection.7.5.2}{\376\377\306\010\302\334\000:\000\040\000G\000P\000S\000\137\000f\000e\000a\000t\000u\000r\000e\000\137\000t\000e\000s\000t\000.\000p\000y}{section.7.5}% 60
\BOOKMARK [2][-]{subsection.7.5.3}{\376\377\317\124\264\334\000\040\301\044\272\205}{section.7.5}% 61
\BOOKMARK [1][-]{section.7.6}{\376\377\000s\000e\000l\000f\000.\000s\000p\000e\000e\000d\000,\000\040\000s\000e\000l\000f\000.\000s\000p\000e\000e\000d\000\137\000m\000e\000a\000n\000,\000\040\000s\000e\000l\000f\000.\000s\000p\000e\000e\000d\000\137\000v\000a\000r\000i\000a\000n\000c\000e}{chapter.7}% 62
\BOOKMARK [2][-]{subsection.7.6.1}{\376\377\307\164\270\140\000\040\301\044\272\205}{section.7.6}% 63
\BOOKMARK [2][-]{subsection.7.6.2}{\376\377\306\010\302\334\000:\000\040\000G\000P\000S\000\137\000f\000e\000a\000t\000u\000r\000e\000\137\000t\000e\000s\000t\000.\000p\000y}{section.7.6}% 64
\BOOKMARK [2][-]{subsection.7.6.3}{\376\377\317\124\264\334\000\040\301\044\272\205}{section.7.6}% 65
\BOOKMARK [1][-]{section.7.7}{\376\377\000s\000e\000l\000f\000.\000n\000u\000m\000b\000e\000r\000\137\000o\000f\000\137\000c\000l\000u\000s\000t\000e\000r\000s}{chapter.7}% 66
\BOOKMARK [2][-]{subsection.7.7.1}{\376\377\307\164\270\140\000\040\301\044\272\205}{section.7.7}% 67
\BOOKMARK [2][-]{subsection.7.7.2}{\376\377\306\010\302\334\000:\000\040\000G\000P\000S\000\137\000f\000e\000a\000t\000u\000r\000e\000\137\000t\000e\000s\000t\000.\000p\000y}{section.7.7}% 68
\BOOKMARK [2][-]{subsection.7.7.3}{\376\377\317\124\264\334\000\040\301\044\272\205}{section.7.7}% 69
\BOOKMARK [1][-]{section.7.8}{\376\377\000s\000e\000l\000f\000.\000\137\000\137\000t\000i\000m\000e\000,\000\040\000s\000e\000l\000f\000.\000e\000n\000t\000r\000o\000p\000y\000,\000\040\000s\000e\000l\000f\000.\000n\000o\000r\000m\000a\000l\000i\000z\000e\000d\000\137\000e\000n\000t\000r\000o\000p\000y}{chapter.7}% 70
\BOOKMARK [2][-]{subsection.7.8.1}{\376\377\307\164\270\140\000\040\301\044\272\205}{section.7.8}% 71
\BOOKMARK [2][-]{subsection.7.8.2}{\376\377\306\010\302\334\000:\000\040\000G\000P\000S\000\137\000f\000e\000a\000t\000u\000r\000e\000\137\000t\000e\000s\000t\000.\000p\000y}{section.7.8}% 72
\BOOKMARK [2][-]{subsection.7.8.3}{\376\377\317\124\264\334\000\040\301\044\272\205}{section.7.8}% 73
\BOOKMARK [1][-]{section.7.9}{\376\377\000s\000e\000l\000f\000.\000h\000o\000m\000e\000\137\000s\000t\000a\000y\000,\000\040\000s\000e\000l\000f\000.\000t\000r\000a\000n\000s\000i\000t\000i\000o\000n\000\137\000t\000i\000m\000e}{chapter.7}% 74
\BOOKMARK [2][-]{subsection.7.9.1}{\376\377\307\164\270\140\000\040\301\044\272\205}{section.7.9}% 75
\BOOKMARK [2][-]{subsection.7.9.2}{\376\377\306\010\302\334\000:\000\040\000G\000P\000S\000\137\000f\000e\000a\000t\000u\000r\000e\000\137\000t\000e\000s\000t\000.\000p\000y}{section.7.9}% 76
\BOOKMARK [2][-]{subsection.7.9.3}{\376\377\317\124\264\334\000\040\301\044\272\205}{section.7.9}% 77
\BOOKMARK [1][-]{section.7.10}{\376\377\000s\000e\000l\000f\000.\000c\000i\000r\000c\000a\000d\000i\000a\000n\000\137\000m\000o\000v\000e\000m\000e\000n\000t}{chapter.7}% 78
\BOOKMARK [2][-]{subsection.7.10.1}{\376\377\307\164\270\140\000\040\301\044\272\205}{section.7.10}% 79
\BOOKMARK [2][-]{subsection.7.10.2}{\376\377\306\010\302\334\000:\000\040\000C\000i\000r\000c\000a\000d\000i\000a\000n\000\137\000m\000o\000v\000e\000m\000e\000n\000t\000.\000p\000y}{section.7.10}% 80
\BOOKMARK [2][-]{subsection.7.10.3}{\376\377\317\124\264\334\000\040\301\044\272\205}{section.7.10}% 81
\BOOKMARK [1][-]{section.7.11}{\376\377\000s\000e\000l\000f\000.\000h\000a\000r\000v\000e\000r\000s\000i\000n\000e\000,\000\040\000s\000e\000l\000f\000.\000a\000c\000t\000i\000v\000i\000t\000y\000\137\000p\000e\000r\000c\000e\000n\000t\000i\000l\000e}{chapter.7}% 82
\BOOKMARK [2][-]{subsection.7.11.1}{\376\377\307\164\270\140\000\040\301\044\272\205}{section.7.11}% 83
\BOOKMARK [2][-]{subsection.7.11.2}{\376\377\306\010\302\334\000:\000\040\000G\000P\000S\000\137\000f\000e\000a\000t\000u\000r\000e\000\137\000t\000e\000s\000t\000.\000p\000y}{section.7.11}% 84
\BOOKMARK [2][-]{subsection.7.11.3}{\376\377\317\124\264\334\000\040\301\044\272\205}{section.7.11}% 85
\BOOKMARK [2][-]{subsection.7.11.4}{\376\377\000s\000e\000l\000f\000.\000a\000c\000t\000i\000v\000i\000t\000y\000\137\000p\000e\000r\000c\000e\000n\000t\000i\000l\000e}{section.7.11}% 86
\BOOKMARK [0][-]{chapter*.46}{\376\377\314\070\254\340\000\040\273\070\325\314}{}% 87
